<?xml version="1.0" encoding="UTF-8"?>
<!-- Generated by org.testng.reporters.JUnitReportReporter -->
<testsuite hostname="Chinha" failures="0" tests="1" name="testlayer.ProfilePageTest" time="8.500" errors="0" timestamp="2023-10-05T17:46:37 IST" skipped="0">
  <testcase classname="testlayer.ProfilePageTest" name="clickmethod" time="8.500"/>
  <system-out/>
</testsuite> <!-- testlayer.ProfilePageTest -->
